<?xml version="1.0" encoding="UTF-8"?>
<!-- Generated by org.testng.reporters.JUnitXMLReporter -->
<testsuite hostname="HP" ignored="1" name="Test" tests="2" failures="0" timestamp="09 Oct 2022 16:41:33 GMT" time="0.095" errors="0">
  <testcase name="f1" time="0.03" classname="com.testNGFramework.GroupingConcept"/>
  <testcase name="f3" time="0.008" classname="com.testNGFramework.GroupingConcept"/>
  <testcase name="f2" time="0.0" classname="com.testNGFramework.GroupingConcept">
    <ignored/>
  </testcase> <!-- f2 -->
</testsuite> <!-- Test -->
