<?xml version="1.0" encoding="UTF-8"?>
<!-- Generated by org.testng.reporters.JUnitXMLReporter -->
<testsuite hostname="HP" ignored="0" name="AlertPopUps(3)_Handled" tests="5" failures="0" timestamp="06 Oct 2022 13:24:42 GMT" time="50.101" errors="0">
  <testcase name="a_Pageopen" time="15.178" classname="com.Interview.AlertPopus"/>
  <testcase name="b_AlertPopUp" time="0.177" classname="com.Interview.AlertPopus"/>
  <testcase name="c_ConfirmPopUp" time="7.894" classname="com.Interview.AlertPopus"/>
  <testcase name="d_PromptPopUp" time="26.654" classname="com.Interview.AlertPopus"/>
  <testcase name="e_GetPageDetails" time="0.07" classname="com.Interview.AlertPopus"/>
</testsuite> <!-- AlertPopUps(3)_Handled -->
