<?xml version="1.0" encoding="UTF-8"?>
<!-- Generated by org.testng.reporters.JUnitXMLReporter -->
<testsuite hostname="HP" ignored="0" name="DemoBlazeContactpage" tests="3" failures="0" timestamp="20 Sep 2022 18:09:30 GMT" time="23.76" errors="0">
  <testcase name="a_openwebsite" time="17.199" classname="com.testNGFramework.MouseActionsAssDemoBlazeContactpage"/>
  <testcase name="b_userbio" time="2.215" classname="com.testNGFramework.MouseActionsAssDemoBlazeContactpage"/>
  <testcase name="c_geturl" time="4.267" classname="com.testNGFramework.MouseActionsAssDemoBlazeContactpage"/>
</testsuite> <!-- DemoBlazeContactpage -->
