<?xml version="1.0" encoding="UTF-8"?>
<!-- Generated by org.testng.reporters.JUnitXMLReporter -->
<testsuite hostname="HP" ignored="0" name="MouseActionRightClick_Openurl" tests="3" failures="0" timestamp="20 Sep 2022 18:08:11 GMT" time="16.343" errors="0">
  <testcase name="a_OpenWebSiteguru99" time="13.918" classname="com.testNGFramework.MouseActionRightClick"/>
  <testcase name="b_MouseActions" time="2.162" classname="com.testNGFramework.MouseActionRightClick"/>
  <testcase name="c_PopUpHandled" time="0.223" classname="com.testNGFramework.MouseActionRightClick"/>
</testsuite> <!-- MouseActionRightClick_Openurl -->
