<?xml version="1.0" encoding="UTF-8"?>
<!-- Generated by org.testng.reporters.JUnitXMLReporter -->
<testsuite hostname="HP" ignored="0" name="Open_BlazeProduct_login_ProductSelect_" tests="7" failures="0" timestamp="20 Sep 2022 14:12:54 GMT" time="48.663" errors="0">
  <testcase name="a_OpenWebSite" time="10.56" classname="com.testNGFramework.AllInOneProgramDemoBlazeProduct"/>
  <testcase name="b_Loginpage" time="6.687" classname="com.testNGFramework.AllInOneProgramDemoBlazeProduct"/>
  <testcase name="c_AlertPopup" time="4.071" classname="com.testNGFramework.AllInOneProgramDemoBlazeProduct"/>
  <testcase name="d_UserInfo" time="8.207" classname="com.testNGFramework.AllInOneProgramDemoBlazeProduct"/>
  <testcase name="e_SecondPopUp" time="7.078" classname="com.testNGFramework.AllInOneProgramDemoBlazeProduct"/>
  <testcase name="f_ProductSelect" time="11.6" classname="com.testNGFramework.AllInOneProgramDemoBlazeProduct"/>
  <testcase name="g_GetURL" time="0.294" classname="com.testNGFramework.AllInOneProgramDemoBlazeProduct"/>
</testsuite> <!-- Open_BlazeProduct_login_ProductSelect_ -->
