<?xml version="1.0" encoding="UTF-8"?>
<!-- Generated by org.testng.reporters.JUnitXMLReporter -->
<testsuite hostname="HP" ignored="0" name="PetStore_User_Registration_Flow" tests="4" failures="0" timestamp="20 Sep 2022 14:17:19 GMT" time="14.414" errors="0">
  <testcase name="pageLoad" time="7.414" classname="com.testNGFramework.petstoreoctoper"/>
  <testcase name="Userinfo" time="4.44" classname="com.testNGFramework.petstoreoctoper"/>
  <testcase name="accoundinfo" time="1.427" classname="com.testNGFramework.petstoreoctoper"/>
  <testcase name="profileinfo" time="1.062" classname="com.testNGFramework.petstoreoctoper"/>
</testsuite> <!-- PetStore_User_Registration_Flow -->
